This is pdfTeX, Version 3.141592653-2.6-1.40.22 (MiKTeX 21.6) (preloaded format=pdflatex 2021.8.17)  19 JAN 2023 14:09
entering extended mode
**./GMCM_icml.tex
(GMCM_icml.tex
LaTeX2e <2021-06-01>
L3 programming layer <2021-06-01>
(C:\Users\tewar\AppData\Local\Programs\MiKTeX\tex/latex/base\article.cls
Document Class: article 2021/02/12 v1.4n Standard LaTeX document class
(C:\Users\tewar\AppData\Local\Programs\MiKTeX\tex/latex/base\size10.clo
File: size10.clo 2021/02/12 v1.4n Standard LaTeX file (size option)
)
\c@part=\count182
\c@section=\count183
\c@subsection=\count184
\c@subsubsection=\count185
\c@paragraph=\count186
\c@subparagraph=\count187
\c@figure=\count188
\c@table=\count189
\abovecaptionskip=\skip47
\belowcaptionskip=\skip48
\bibindent=\dimen138
)
(C:\Users\tewar\AppData\Local\Programs\MiKTeX\tex/latex/amsfonts\amssymb.sty
Package: amssymb 2013/01/14 v3.01 AMS font symbols

(C:\Users\tewar\AppData\Local\Programs\MiKTeX\tex/latex/amsfonts\amsfonts.sty
Package: amsfonts 2013/01/14 v3.01 Basic AMSFonts support
\@emptytoks=\toks16
\symAMSa=\mathgroup4
\symAMSb=\mathgroup5
LaTeX Font Info:    Redeclaring math symbol \hbar on input line 98.
LaTeX Font Info:    Overwriting math alphabet `\mathfrak' in version `bold'
(Font)                  U/euf/m/n --> U/euf/b/n on input line 106.
))
(C:\Users\tewar\AppData\Local\Programs\MiKTeX\tex/latex/microtype\microtype.sty
Package: microtype 2022/03/14 v3.0d Micro-typographical refinements (RS)
(C:\Users\tewar\AppData\Local\Programs\MiKTeX\tex/latex/graphics\keyval.sty
Package: keyval 2014/10/28 v1.15 key=value parser (DPC)
\KV@toks@=\toks17
)
(C:\Users\tewar\AppData\Local\Programs\MiKTeX\tex/latex/etoolbox\etoolbox.sty
Package: etoolbox 2020/10/05 v2.5k e-TeX tools for LaTeX (JAW)
\etb@tempcnta=\count190
)
\MT@toks=\toks18
\MT@tempbox=\box50
\MT@count=\count191
LaTeX Info: Redefining \noprotrusionifhmode on input line 1027.
LaTeX Info: Redefining \leftprotrusion on input line 1028.
LaTeX Info: Redefining \rightprotrusion on input line 1036.
LaTeX Info: Redefining \textls on input line 1195.
\MT@outer@kern=\dimen139
LaTeX Info: Redefining \textmicrotypecontext on input line 1781.
\MT@listname@count=\count192

(C:\Users\tewar\AppData\Local\Programs\MiKTeX\tex/latex/microtype\microtype-pdf
tex.def
File: microtype-pdftex.def 2022/03/14 v3.0d Definitions specific to pdftex (RS)

LaTeX Info: Redefining \lsstyle on input line 900.
LaTeX Info: Redefining \lslig on input line 900.
\MT@outer@space=\skip49
)
Package microtype Info: Loading configuration file microtype.cfg.

(C:\Users\tewar\AppData\Local\Programs\MiKTeX\tex/latex/microtype\microtype.cfg
File: microtype.cfg 2022/03/14 v3.0d microtype main configuration file (RS)
))
(C:\Users\tewar\AppData\Local\Programs\MiKTeX\tex/latex/subfigure\subfigure.sty
Package: subfigure 2002/07/30 v2.1.4 subfigure package
\subfigtopskip=\skip50
\subfigcapskip=\skip51
\subfigcaptopadj=\dimen140
\subfigbottomskip=\skip52
\subfigcapmargin=\dimen141
\subfiglabelskip=\skip53
\c@subfigure=\count193
\c@lofdepth=\count194
\c@subtable=\count195
\c@lotdepth=\count196
****************************************
* Local config file subfigure.cfg used *
****************************************

(C:\Users\tewar\AppData\Local\Programs\MiKTeX\tex/latex/subfigure\subfigure.cfg
)
\subfig@top=\skip54
\subfig@bottom=\skip55
)
(C:\Users\tewar\AppData\Local\Programs\MiKTeX\tex/latex/booktabs\booktabs.sty
Package: booktabs 2020/01/12 v1.61803398 Publication quality tables
\heavyrulewidth=\dimen142
\lightrulewidth=\dimen143
\cmidrulewidth=\dimen144
\belowrulesep=\dimen145
\belowbottomsep=\dimen146
\aboverulesep=\dimen147
\abovetopsep=\dimen148
\cmidrulesep=\dimen149
\cmidrulekern=\dimen150
\defaultaddspace=\dimen151
\@cmidla=\count197
\@cmidlb=\count198
\@aboverulesep=\dimen152
\@belowrulesep=\dimen153
\@thisruleclass=\count199
\@lastruleclass=\count266
\@thisrulewidth=\dimen154
)
(C:\Users\tewar\AppData\Local\Programs\MiKTeX\tex/latex/tools\xr.sty
Package: xr 2020-05-10 v5.06 eXternal References (DPC)
)
(C:\Users\tewar\AppData\Local\Programs\MiKTeX\tex/latex/psnfss\times.sty
Package: times 2020/03/25 PSNFSS-v9.3 (SPQR) 
)
(C:\Users\tewar\AppData\Local\Programs\MiKTeX\tex/latex/float\float.sty
Package: float 2001/11/08 v1.3d Float enhancements (AL)
\c@float@type=\count267
\float@exts=\toks19
\float@box=\box51
\@float@everytoks=\toks20
\@floatcapt=\box52
)
(C:\Users\tewar\AppData\Local\Programs\MiKTeX\tex/latex/amsmath\amsmath.sty
Package: amsmath 2021/04/20 v2.17j AMS math features
\@mathmargin=\skip56

For additional information on amsmath, use the `?' option.
(C:\Users\tewar\AppData\Local\Programs\MiKTeX\tex/latex/amsmath\amstext.sty
Package: amstext 2000/06/29 v2.01 AMS text

(C:\Users\tewar\AppData\Local\Programs\MiKTeX\tex/latex/amsmath\amsgen.sty
File: amsgen.sty 1999/11/30 v2.0 generic functions
\@emptytoks=\toks21
\ex@=\dimen155
))
(C:\Users\tewar\AppData\Local\Programs\MiKTeX\tex/latex/amsmath\amsbsy.sty
Package: amsbsy 1999/11/29 v1.2d Bold Symbols
\pmbraise@=\dimen156
)
(C:\Users\tewar\AppData\Local\Programs\MiKTeX\tex/latex/amsmath\amsopn.sty
Package: amsopn 2016/03/08 v2.02 operator names
)
\inf@bad=\count268
LaTeX Info: Redefining \frac on input line 234.
\uproot@=\count269
\leftroot@=\count270
LaTeX Info: Redefining \overline on input line 399.
\classnum@=\count271
\DOTSCASE@=\count272
LaTeX Info: Redefining \ldots on input line 496.
LaTeX Info: Redefining \dots on input line 499.
LaTeX Info: Redefining \cdots on input line 620.
\Mathstrutbox@=\box53
\strutbox@=\box54
\big@size=\dimen157
LaTeX Font Info:    Redeclaring font encoding OML on input line 743.
LaTeX Font Info:    Redeclaring font encoding OMS on input line 744.
\macc@depth=\count273
\c@MaxMatrixCols=\count274
\dotsspace@=\muskip16
\c@parentequation=\count275
\dspbrk@lvl=\count276
\tag@help=\toks22
\row@=\count277
\column@=\count278
\maxfields@=\count279
\andhelp@=\toks23
\eqnshift@=\dimen158
\alignsep@=\dimen159
\tagshift@=\dimen160
\tagwidth@=\dimen161
\totwidth@=\dimen162
\lineht@=\dimen163
\@envbody=\toks24
\multlinegap=\skip57
\multlinetaggap=\skip58
\mathdisplay@stack=\toks25
LaTeX Info: Redefining \[ on input line 2923.
LaTeX Info: Redefining \] on input line 2924.
)
(C:\Users\tewar\AppData\Local\Programs\MiKTeX\tex/latex/graphics\graphicx.sty
Package: graphicx 2020/12/05 v1.2c Enhanced LaTeX Graphics (DPC,SPQR)

(C:\Users\tewar\AppData\Local\Programs\MiKTeX\tex/latex/graphics\graphics.sty
Package: graphics 2021/03/04 v1.4d Standard LaTeX Graphics (DPC,SPQR)

(C:\Users\tewar\AppData\Local\Programs\MiKTeX\tex/latex/graphics\trig.sty
Package: trig 2016/01/03 v1.10 sin cos tan (DPC)
)
(C:\Users\tewar\AppData\Local\Programs\MiKTeX\tex/latex/graphics-cfg\graphics.c
fg
File: graphics.cfg 2016/06/04 v1.11 sample graphics configuration
)
Package graphics Info: Driver file: pdftex.def on input line 107.

(C:\Users\tewar\AppData\Local\Programs\MiKTeX\tex/latex/graphics-def\pdftex.def
File: pdftex.def 2020/10/05 v1.2a Graphics/color driver for pdftex
))
\Gin@req@height=\dimen164
\Gin@req@width=\dimen165
)
(C:\Users\tewar\AppData\Local\Programs\MiKTeX\tex/latex/hyperref\hyperref.sty
Package: hyperref 2021-06-05 v7.00l Hypertext links for LaTeX

(C:\Users\tewar\AppData\Local\Programs\MiKTeX\tex/generic/ltxcmds\ltxcmds.sty
Package: ltxcmds 2020-05-10 v1.25 LaTeX kernel commands for general use (HO)
)
(C:\Users\tewar\AppData\Local\Programs\MiKTeX\tex/generic/iftex\iftex.sty
Package: iftex 2020/03/06 v1.0d TeX engine tests
)
(C:\Users\tewar\AppData\Local\Programs\MiKTeX\tex/generic/pdftexcmds\pdftexcmds
.sty
Package: pdftexcmds 2020-06-27 v0.33 Utility functions of pdfTeX for LuaTeX (HO
)

(C:\Users\tewar\AppData\Local\Programs\MiKTeX\tex/generic/infwarerr\infwarerr.s
ty
Package: infwarerr 2019/12/03 v1.5 Providing info/warning/error messages (HO)
)
Package pdftexcmds Info: \pdf@primitive is available.
Package pdftexcmds Info: \pdf@ifprimitive is available.
Package pdftexcmds Info: \pdfdraftmode found.
)
(C:\Users\tewar\AppData\Local\Programs\MiKTeX\tex/generic/kvsetkeys\kvsetkeys.s
ty
Package: kvsetkeys 2019/12/15 v1.18 Key value parser (HO)
)
(C:\Users\tewar\AppData\Local\Programs\MiKTeX\tex/generic/kvdefinekeys\kvdefine
keys.sty
Package: kvdefinekeys 2019-12-19 v1.6 Define keys (HO)
)
(C:\Users\tewar\AppData\Local\Programs\MiKTeX\tex/generic/pdfescape\pdfescape.s
ty
Package: pdfescape 2019/12/09 v1.15 Implements pdfTeX's escape features (HO)
) (C:\Users\tewar\AppData\Local\Programs\MiKTeX\tex/latex/hycolor\hycolor.sty
Package: hycolor 2020-01-27 v1.10 Color options for hyperref/bookmark (HO)
)
(C:\Users\tewar\AppData\Local\Programs\MiKTeX\tex/latex/letltxmacro\letltxmacro
.sty
Package: letltxmacro 2019/12/03 v1.6 Let assignment for LaTeX macros (HO)
)
(C:\Users\tewar\AppData\Local\Programs\MiKTeX\tex/latex/auxhook\auxhook.sty
Package: auxhook 2019-12-17 v1.6 Hooks for auxiliary files (HO)
)
(C:\Users\tewar\AppData\Local\Programs\MiKTeX\tex/latex/kvoptions\kvoptions.sty
Package: kvoptions 2020-10-07 v3.14 Key value format for package options (HO)
)
\@linkdim=\dimen166
\Hy@linkcounter=\count280
\Hy@pagecounter=\count281
 (C:\Users\tewar\AppData\Local\Programs\MiKTeX\tex/latex/hyperref\pd1enc.def
File: pd1enc.def 2021-06-05 v7.00l Hyperref: PDFDocEncoding definition (HO)
Now handling font encoding PD1 ...
... no UTF-8 mapping file for font encoding PD1
)
(C:\Users\tewar\AppData\Local\Programs\MiKTeX\tex/latex/hyperref\hyperref-langp
atches.def
File: hyperref-langpatches.def 2021-06-05 v7.00l Hyperref: patches for babel la
nguages
)
(C:\Users\tewar\AppData\Local\Programs\MiKTeX\tex/generic/intcalc\intcalc.sty
Package: intcalc 2019/12/15 v1.3 Expandable calculations with integers (HO)
)
(C:\Users\tewar\AppData\Local\Programs\MiKTeX\tex/generic/etexcmds\etexcmds.sty
Package: etexcmds 2019/12/15 v1.7 Avoid name clashes with e-TeX commands (HO)
)
\Hy@SavedSpaceFactor=\count282
 (C:\Users\tewar\AppData\Local\Programs\MiKTeX\tex/latex/hyperref\puenc.def
File: puenc.def 2021-06-05 v7.00l Hyperref: PDF Unicode definition (HO)
Now handling font encoding PU ...
... no UTF-8 mapping file for font encoding PU
)
Package hyperref Info: Hyper figures OFF on input line 4192.
Package hyperref Info: Link nesting OFF on input line 4197.
Package hyperref Info: Hyper index ON on input line 4200.
Package hyperref Info: Plain pages OFF on input line 4207.
Package hyperref Info: Backreferencing OFF on input line 4212.
Package hyperref Info: Implicit mode ON; LaTeX internals redefined.
Package hyperref Info: Bookmarks ON on input line 4445.
\c@Hy@tempcnt=\count283

(C:\Users\tewar\AppData\Local\Programs\MiKTeX\tex/latex/url\url.sty
\Urlmuskip=\muskip17
Package: url 2013/09/16  ver 3.4  Verb mode for urls, etc.
)
LaTeX Info: Redefining \url on input line 4804.
\XeTeXLinkMargin=\dimen167

(C:\Users\tewar\AppData\Local\Programs\MiKTeX\tex/generic/bitset\bitset.sty
Package: bitset 2019/12/09 v1.3 Handle bit-vector datatype (HO)

(C:\Users\tewar\AppData\Local\Programs\MiKTeX\tex/generic/bigintcalc\bigintcalc
.sty
Package: bigintcalc 2019/12/15 v1.5 Expandable calculations on big integers (HO
)
))
\Fld@menulength=\count284
\Field@Width=\dimen168
\Fld@charsize=\dimen169
Package hyperref Info: Hyper figures OFF on input line 6076.
Package hyperref Info: Link nesting OFF on input line 6081.
Package hyperref Info: Hyper index ON on input line 6084.
Package hyperref Info: backreferencing OFF on input line 6091.
Package hyperref Info: Link coloring OFF on input line 6096.
Package hyperref Info: Link coloring with OCG OFF on input line 6101.
Package hyperref Info: PDF/A mode OFF on input line 6106.
LaTeX Info: Redefining \ref on input line 6146.
LaTeX Info: Redefining \pageref on input line 6150.

(C:\Users\tewar\AppData\Local\Programs\MiKTeX\tex/latex/base\atbegshi-ltx.sty
Package: atbegshi-ltx 2021/01/10 v1.0c Emulation of the original atbegshi
package with kernel methods
)
\Hy@abspage=\count285
\c@Item=\count286
\c@Hfootnote=\count287
)
Package hyperref Info: Driver (autodetected): hpdftex.
(C:\Users\tewar\AppData\Local\Programs\MiKTeX\tex/latex/hyperref\hpdftex.def
File: hpdftex.def 2021-06-05 v7.00l Hyperref driver for pdfTeX

(C:\Users\tewar\AppData\Local\Programs\MiKTeX\tex/latex/base\atveryend-ltx.sty
Package: atveryend-ltx 2020/08/19 v1.0a Emulation of the original atvery packag
e
with kernel methods
)
\Fld@listcount=\count288
\c@bookmark@seq@number=\count289

(C:\Users\tewar\AppData\Local\Programs\MiKTeX\tex/latex/rerunfilecheck\rerunfil
echeck.sty
Package: rerunfilecheck 2019/12/05 v1.9 Rerun checks for auxiliary files (HO)

(C:\Users\tewar\AppData\Local\Programs\MiKTeX\tex/generic/uniquecounter\uniquec
ounter.sty
Package: uniquecounter 2019/12/15 v1.4 Provide unlimited unique counter (HO)
)
Package uniquecounter Info: New unique counter `rerunfilecheck' on input line 2
86.
)
\Hy@SectionHShift=\skip59
) (icml2023.sty
Package: icml2023 2023/01/03 v2.0 ICML Conference Style File
 (fancyhdr.sty
\fancy@headwidth=\skip60
\f@ncyO@elh=\skip61
\f@ncyO@erh=\skip62
\f@ncyO@olh=\skip63
\f@ncyO@orh=\skip64
\f@ncyO@elf=\skip65
\f@ncyO@erf=\skip66
\f@ncyO@olf=\skip67
\f@ncyO@orf=\skip68
)
(C:\Users\tewar\AppData\Local\Programs\MiKTeX\tex/latex/xcolor\xcolor.sty
Package: xcolor 2016/05/11 v2.12 LaTeX color extensions (UK)

(C:\Users\tewar\AppData\Local\Programs\MiKTeX\tex/latex/graphics-cfg\color.cfg
File: color.cfg 2016/01/02 v1.6 sample color configuration
)
Package xcolor Info: Driver file: pdftex.def on input line 225.
Package xcolor Info: Model `cmy' substituted by `cmy0' on input line 1348.
Package xcolor Info: Model `hsb' substituted by `rgb' on input line 1352.
Package xcolor Info: Model `RGB' extended on input line 1364.
Package xcolor Info: Model `HTML' substituted by `rgb' on input line 1366.
Package xcolor Info: Model `Hsb' substituted by `hsb' on input line 1367.
Package xcolor Info: Model `tHsb' substituted by `hsb' on input line 1368.
Package xcolor Info: Model `HSB' substituted by `hsb' on input line 1369.
Package xcolor Info: Model `Gray' substituted by `gray' on input line 1370.
Package xcolor Info: Model `wave' substituted by `hsb' on input line 1371.
) (algorithm.sty
Package: algorithm 

Document Style `algorithm' - floating environment
(C:\Users\tewar\AppData\Local\Programs\MiKTeX\tex/latex/base\ifthen.sty
Package: ifthen 2020/11/24 v1.1c Standard LaTeX ifthen package (DPC)
)
\@float@every@algorithm=\toks26
\c@algorithm=\count290
)
(algorithmic.sty
Package: algorithmic 

Document Style `algorithmic' - environment
(C:\Users\tewar\AppData\Local\Programs\MiKTeX\tex/latex/tools\calc.sty
Package: calc 2017/05/25 v4.3 Infix arithmetic (KKT,FJ)
\calc@Acount=\count291
\calc@Bcount=\count292
\calc@Adimen=\dimen170
\calc@Bdimen=\dimen171
\calc@Askip=\skip69
\calc@Bskip=\skip70
LaTeX Info: Redefining \setlength on input line 80.
LaTeX Info: Redefining \addtolength on input line 81.
\calc@Ccount=\count293
\calc@Cskip=\skip71
)
\c@ALC@line=\count294
\c@ALC@rem=\count295
\ALC@tlm=\skip72
)
(C:\Users\tewar\AppData\Local\Programs\MiKTeX\tex/latex/natbib\natbib.sty
Package: natbib 2010/09/13 8.31b (PWD, AO)
\bibhang=\skip73
\bibsep=\skip74
LaTeX Info: Redefining \cite on input line 694.
\c@NAT@ctr=\count296
)
(C:\Users\tewar\AppData\Local\Programs\MiKTeX\tex/latex/eso-pic\eso-pic.sty
Package: eso-pic 2020/10/14 v3.0a eso-pic (RN)
\ESO@tempdima=\dimen172
\ESO@tempdimb=\dimen173
)
(C:\Users\tewar\AppData\Local\Programs\MiKTeX\tex/latex/forloop\forloop.sty
Package: forloop 2006/09/18 v3.0 For Loops for LaTeX
)
Package hyperref Info: Option `colorlinks' set `true' on input line 147.
\titrun=\box55
\c@@affiliationcounter=\count297
\c@@affilnum=\count298
\newcaptionbox=\box56
\newcaptionboxwid=\dimen174
\icmlrulerbox=\box57
\icmlrulercount=\count299
\icmlruleroffset=\dimen175
\cv@lineheight=\dimen176
\cv@boxheight=\dimen177
\cv@tmpbox=\box58
\cv@refno=\count300
\cv@tot=\count301
\cv@tmpc@=\count302
\cv@tmpc=\count303
)
LaTeX Font Info:    Trying to load font information for OT1+ptm on input line 4
1.

(C:\Users\tewar\AppData\Local\Programs\MiKTeX\tex/latex/psnfss\ot1ptm.fd
File: ot1ptm.fd 2001/06/04 font definitions for OT1/ptm.
)
(C:\Users\tewar\AppData\Local\Programs\MiKTeX\tex/latex/l3backend\l3backend-pdf
tex.def
File: l3backend-pdftex.def 2021-05-07 L3 backend support: PDF output (pdfTeX)
\l__color_backend_stack_int=\count304
\l__pdf_internal_box=\box59
) (GMCM_icml.aux)
\openout1 = `GMCM_icml.aux'.

LaTeX Font Info:    Checking defaults for OML/cmm/m/it on input line 41.
LaTeX Font Info:    ... okay on input line 41.
LaTeX Font Info:    Checking defaults for OMS/cmsy/m/n on input line 41.
LaTeX Font Info:    ... okay on input line 41.
LaTeX Font Info:    Checking defaults for OT1/cmr/m/n on input line 41.
LaTeX Font Info:    ... okay on input line 41.
LaTeX Font Info:    Checking defaults for T1/cmr/m/n on input line 41.
LaTeX Font Info:    ... okay on input line 41.
LaTeX Font Info:    Checking defaults for TS1/cmr/m/n on input line 41.
LaTeX Font Info:    ... okay on input line 41.
LaTeX Font Info:    Checking defaults for OMX/cmex/m/n on input line 41.
LaTeX Font Info:    ... okay on input line 41.
LaTeX Font Info:    Checking defaults for U/cmr/m/n on input line 41.
LaTeX Font Info:    ... okay on input line 41.
LaTeX Font Info:    Checking defaults for PD1/pdf/m/n on input line 41.
LaTeX Font Info:    ... okay on input line 41.
LaTeX Font Info:    Checking defaults for PU/pdf/m/n on input line 41.
LaTeX Font Info:    ... okay on input line 41.
LaTeX Info: Redefining \microtypecontext on input line 41.
Package microtype Info: Applying patch `item' on input line 41.
Package microtype Info: Applying patch `toc' on input line 41.
Package microtype Info: Applying patch `eqnum' on input line 41.
Package microtype Info: Applying patch `footnote' on input line 41.
Package microtype Info: Generating PDF output.
Package microtype Info: Character protrusion enabled (level 2).
Package microtype Info: Using default protrusion set `alltext'.
Package microtype Info: Automatic font expansion enabled (level 2),
(microtype)             stretch: 20, shrink: 20, step: 1, non-selected.
Package microtype Info: Using default expansion set `alltext-nott'.
LaTeX Info: Redefining \showhyphens on input line 41.
Package microtype Info: No adjustment of tracking.
Package microtype Info: No adjustment of interword spacing.
Package microtype Info: No adjustment of character kerning.

(C:\Users\tewar\AppData\Local\Programs\MiKTeX\tex/latex/microtype\mt-ptm.cfg
File: mt-ptm.cfg 2006/04/20 v1.7 microtype config. file: Times (RS)
)
(C:\Users\tewar\AppData\Local\Programs\MiKTeX\tex/context/base/mkii\supp-pdf.mk
ii
[Loading MPS to PDF converter (version 2006.09.02).]
\scratchcounter=\count305
\scratchdimen=\dimen178
\scratchbox=\box60
\nofMPsegments=\count306
\nofMParguments=\count307
\everyMPshowfont=\toks27
\MPscratchCnt=\count308
\MPscratchDim=\dimen179
\MPnumerator=\count309
\makeMPintoPDFobject=\count310
\everyMPtoPDFconversion=\toks28
)
(C:\Users\tewar\AppData\Local\Programs\MiKTeX\tex/latex/epstopdf-pkg\epstopdf-b
ase.sty
Package: epstopdf-base 2020-01-24 v2.11 Base part for package epstopdf
Package epstopdf-base Info: Redefining graphics rule for `.eps' on input line 4
85.

(C:\Users\tewar\AppData\Local\Programs\MiKTeX\tex/latex/00miktex\epstopdf-sys.c
fg
File: epstopdf-sys.cfg 2021/03/18 v2.0 Configuration of epstopdf for MiKTeX
))
Package hyperref Info: Link coloring ON on input line 41.

(C:\Users\tewar\AppData\Local\Programs\MiKTeX\tex/latex/hyperref\nameref.sty
Package: nameref 2021-04-02 v2.47 Cross-referencing by name of section

(C:\Users\tewar\AppData\Local\Programs\MiKTeX\tex/latex/refcount\refcount.sty
Package: refcount 2019/12/15 v3.6 Data extraction from label references (HO)
)
(C:\Users\tewar\AppData\Local\Programs\MiKTeX\tex/generic/gettitlestring\gettit
lestring.sty
Package: gettitlestring 2019/12/15 v1.6 Cleanup title references (HO)
)
\c@section@level=\count311
)
LaTeX Info: Redefining \ref on input line 41.
LaTeX Info: Redefining \pageref on input line 41.
LaTeX Info: Redefining \nameref on input line 41.
 (GMCM_icml.out) (GMCM_icml.out)
\@outlinefile=\write3
\openout3 = `GMCM_icml.out'.

\c@@affil@anon=\count312

(C:\Users\tewar\AppData\Local\Programs\MiKTeX\tex/latex/microtype\mt-cmr.cfg
File: mt-cmr.cfg 2013/05/19 v2.2 microtype config. file: Computer Modern Roman 
(RS)
)
LaTeX Font Info:    Trying to load font information for U+msa on input line 79.


(C:\Users\tewar\AppData\Local\Programs\MiKTeX\tex/latex/amsfonts\umsa.fd
File: umsa.fd 2013/01/14 v3.01 AMS symbols A
)
(C:\Users\tewar\AppData\Local\Programs\MiKTeX\tex/latex/microtype\mt-msa.cfg
File: mt-msa.cfg 2006/02/04 v1.1 microtype config. file: AMS symbols (a) (RS)
)
LaTeX Font Info:    Trying to load font information for U+msb on input line 79.


(C:\Users\tewar\AppData\Local\Programs\MiKTeX\tex/latex/amsfonts\umsb.fd
File: umsb.fd 2013/01/14 v3.01 AMS symbols B
)
(C:\Users\tewar\AppData\Local\Programs\MiKTeX\tex/latex/microtype\mt-msb.cfg
File: mt-msb.cfg 2005/06/01 v1.0 microtype config. file: AMS symbols (b) (RS)
)
LaTeX Info: Redefining \ma_zbar on input line 95.
LaTeX Info: Redefining \bf on input line 101.


Package hyperref Warning: Ignoring empty anchor on input line 113.

LaTeX Font Info:    Trying to load font information for OML+ptm on input line 1
13.
(C:\Users\tewar\AppData\Local\Programs\MiKTeX\tex/latex/psnfss\omlptm.fd
File: omlptm.fd 
)
LaTeX Font Info:    Font shape `OML/ptm/m/n' in size <9> not available
(Font)              Font shape `OML/cmm/m/it' tried instead on input line 113.


Package natbib Warning: Citation `Durante2010CopulaIntro' on page 1 undefined o
n input line 143.


Package natbib Warning: Citation `Genest2009CopulaInFinance' on page 1 undefine
d on input line 143.


Package natbib Warning: Citation `Cherubini2004copula' on page 1 undefined on i
nput line 143.


Package natbib Warning: Citation `Rychlik2010Reliability' on page 1 undefined o
n input line 143.


Package natbib Warning: Citation `Bilgrau2012quantification' on page 1 undefine
d on input line 143.


Package natbib Warning: Citation `Li2011' on page 1 undefined on input line 143
.


Package natbib Warning: Citation `Kim2008' on page 1 undefined on input line 14
3.


Package natbib Warning: Citation `Ma2012Gini' on page 1 undefined on input line
 143.


Package natbib Warning: Citation `Elidan2013' on page 1 undefined on input line
 143.


Package natbib Warning: Citation `Bilmes98agentle' on page 1 undefined on input
 line 145.


Package natbib Warning: Citation `Tewari2011' on page 1 undefined on input line
 145.


Package natbib Warning: Citation `Bilgrau2016' on page 1 undefined on input lin
e 145.


Package natbib Warning: Citation `Bhattacharya2014' on page 1 undefined on inpu
t line 145.

<figures/figure_for_motivating_gmcm.png, id=9, 537.50812pt x 551.81157pt>
File: figures/figure_for_motivating_gmcm.png Graphic file (type png)
<use figures/figure_for_motivating_gmcm.png>
Package pdftex.def Info: figures/figure_for_motivating_gmcm.png  used on input 
line 149.
(pdftex.def)             Requested size: 239.99823pt x 275.01259pt.

Overfull \hbox (5.12073pt too wide) in paragraph at lines 149--150
 [][] 
 []


Underfull \vbox (badness 10000) has occurred while \output is active []

 [1{C:/Users/tewar/AppData/Local/MiKTeX/pdftex/config/pdftex.map}



]

LaTeX Warning: Reference `sec:BijMap' on page 2 undefined on input line 156.


LaTeX Warning: Reference `sec:NumLike' on page 2 undefined on input line 156.


Underfull \vbox (badness 10000) has occurred while \output is active []



LaTeX Warning: Reference `sec:Conclusion&FutureWork' on page 2 undefined on inp
ut line 158.


Package natbib Warning: Citation `Nelsen1999introduction' on page 2 undefined o
n input line 162.


Package natbib Warning: Citation `Genest1995Multivariate' on page 2 undefined o
n input line 162.


Package natbib Warning: Citation `Joe1993Multivariate' on page 2 undefined on i
nput line 162.


Package natbib Warning: Citation `Kojadinovic2010RpackageMVcopula' on page 2 un
defined on input line 162.


Package natbib Warning: Citation `Bedford2002' on page 2 undefined on input lin
e 162.


Package natbib Warning: Citation `Kurowicka2009Book' on page 2 undefined on inp
ut line 162.


Package natbib Warning: Citation `Czado2010PairCopula' on page 2 undefined on i
nput line 162.


Package natbib Warning: Citation `Elidan2010' on page 2 undefined on input line
 162.


Package natbib Warning: Citation `Hanea2006CBN' on page 2 undefined on input li
ne 162.


Package natbib Warning: Citation `Liu2009' on page 2 undefined on input line 16
2.


Package natbib Warning: Citation `Tewari2011' on page 2 undefined on input line
 164.


Package natbib Warning: Citation `Bilgrau2016' on page 2 undefined on input lin
e 164.


Package natbib Warning: Citation `Bilgrau_Rpackage' on page 2 undefined on inpu
t line 164.


Package natbib Warning: Citation `Rajan2016_GMCM_mixed_data' on page 2 undefine
d on input line 164.


Package natbib Warning: Citation `kasa2018' on page 2 undefined on input line 1
64.


Package natbib Warning: Citation `Kosmidis2016' on page 2 undefined on input li
ne 166.


Package natbib Warning: Citation `Mazo2017' on page 2 undefined on input line 1
66.


Package natbib Warning: Citation `Marbac2017' on page 2 undefined on input line
 166.


Package natbib Warning: Citation `Rey2012_CopulaMixture' on page 2 undefined on
 input line 166.


Package natbib Warning: Citation `Marbac2017' on page 2 undefined on input line
 166.


Underfull \vbox (badness 10000) has occurred while \output is active []

 [2 <./figures/figure_for_motivating_gmcm.png (PNG copy)>]

Package natbib Warning: Citation `Nelsen1999Chapter3' on page 3 undefined on in
put line 180.


Package natbib Warning: Citation `Joe1996IFM' on page 3 undefined on input line
 183.


Underfull \hbox (badness 2671) in paragraph at lines 183--184
[]\OT1/ptm/m/n/10 (+20) Maximum Like-li-hood Es-ti-ma-tion (MLE) in GMCM
 []


Underfull \hbox (badness 1360) in paragraph at lines 186--188
\OT1/ptm/m/n/10 (+20) Assuming that from a train-ing dataset $\OML/cmm/m/it/10 
X \OMS/cmsy/m/n/10 2 \U/msb/m/n/10 R[]$
 []


Package natbib Warning: Citation `Bilgrau2016' on page 3 undefined on input lin
e 191.

[3]

Package natbib Warning: Citation `Tewari2011' on page 4 undefined on input line
 195.


Package natbib Warning: Citation `Bilgrau2016' on page 4 undefined on input lin
e 195.


Underfull \vbox (badness 10000) has occurred while \output is active []

 [4]
<figures/figure_gmcm_transformation.png, id=80, 676.929pt x 231.86626pt>
File: figures/figure_gmcm_transformation.png Graphic file (type png)
<use figures/figure_gmcm_transformation.png>
Package pdftex.def Info: figures/figure_gmcm_transformation.png  used on input 
line 227.
(pdftex.def)             Requested size: 245.0pt x 83.91756pt.

Overfull \hbox (10.1225pt too wide) in paragraph at lines 227--228
 [][] 
 []


LaTeX Warning: Reference `eq:marginal_CDF' on page 5 undefined on input line 22
8.


LaTeX Warning: Reference `eq:marginal_iCDF' on page 5 undefined on input line 2
28.


LaTeX Warning: Reference `eq:marginal_CDF' on page 5 undefined on input line 22
8.


LaTeX Warning: Reference `eq:marginal_iCDF' on page 5 undefined on input line 2
28.


Package natbib Warning: Citation `diez2003' on page 5 undefined on input line 2
33.


Package natbib Warning: Citation `Stephens2000' on page 5 undefined on input li
ne 237.


Package natbib Warning: Citation `White1982' on page 5 undefined on input line 
261.


Package natbib Warning: Citation `Bilgrau2016' on page 5 undefined on input lin
e 261.

[5 <./figures/figure_gmcm_transformation.png>]
Underfull \hbox (badness 1400) in paragraph at lines 265--266
[]\OT1/ptm/b/n/10 (+20) Theorem 2: \OT1/ptm/m/n/10 (+20) De-note $[] \OMS/cmsy/
m/n/10 2 \U/msb/m/n/10 R[]$ \OT1/ptm/m/n/10 (+20) and $[] \OMS/cmsy/m/n/10 2 \U
/msb/m/n/10 R[]$ \OT1/ptm/m/n/10 (+20) as
 []


Overfull \hbox (12.32332pt too wide) detected at line 270
[]
 []


Package natbib Warning: Citation `Bilmes98agentle' on page 6 undefined on input
 line 275.


Package natbib Warning: Citation `Salakhutdinov2002' on page 6 undefined on inp
ut line 275.


Package natbib Warning: Citation `Tewari2011' on page 6 undefined on input line
 275.


Package natbib Warning: Citation `Bhattacharya2014' on page 6 undefined on inpu
t line 275.


Package natbib Warning: Citation `Bilmes98agentle' on page 6 undefined on input
 line 277.


LaTeX Warning: Reference `sec:Estep_derivation' on page 6 undefined on input li
ne 281.

[6]

Package natbib Warning: Citation `Bilgrau2012quantification' on page 7 undefine
d on input line 290.


Package natbib Warning: Citation `Wang2014' on page 7 undefined on input line 2
90.


Package natbib Warning: Citation `Yu2013GMCMWindPred' on page 7 undefined on in
put line 290.


Package natbib Warning: Citation `Bayestehtashk2015' on page 7 undefined on inp
ut line 290.


Underfull \hbox (badness 10000) in paragraph at lines 292--293

 []


Underfull \vbox (badness 10000) has occurred while \output is active []



Package natbib Warning: Citation `Neath1997' on page 7 undefined on input line 
294.

<figures/Identifiability_Experiment.png, id=113, 358.065pt x 493.7355pt>
File: figures/Identifiability_Experiment.png Graphic file (type png)
<use figures/Identifiability_Experiment.png>
Package pdftex.def Info: figures/Identifiability_Experiment.png  used on input 
line 297.
(pdftex.def)             Requested size: 240.0pt x 330.93666pt.

Overfull \hbox (5.1225pt too wide) in paragraph at lines 297--298
[][] 
 []


Package natbib Warning: Citation `Bhattacharya2014' on page 7 undefined on inpu
t line 302.


Package natbib Warning: Citation `Tewari2011' on page 7 undefined on input line
 302.

[7 <./figures/Identifiability_Experiment.png>]
<figures/EM_algo_comparisons.png, id=124, 519.1395pt x 193.32225pt>
File: figures/EM_algo_comparisons.png Graphic file (type png)
<use figures/EM_algo_comparisons.png>
Package pdftex.def Info: figures/EM_algo_comparisons.png  used on input line 30
5.
(pdftex.def)             Requested size: 380.0pt x 141.5105pt.

Overfull \hbox (145.1225pt too wide) in paragraph at lines 305--306
[][] 
 []


Package natbib Warning: Citation `Iwata2012' on page 8 undefined on input line 
310.


Package natbib Warning: Citation `Lawrence2003' on page 8 undefined on input li
ne 310.


Package natbib Warning: Citation `Rasmussen1999' on page 8 undefined on input l
ine 310.


Package natbib Warning: Citation `Duvenaud2013' on page 8 undefined on input li
ne 310.


LaTeX Warning: Reference `tab:DE_comparison' on page 8 undefined on input line 
310.


Package natbib Warning: Citation `Iwata2012' on page 8 undefined on input line 
310.


LaTeX Warning: Reference `subsec:complexity_analytic_grad' on page 8 undefined 
on input line 310.


Overfull \hbox (29.98074pt too wide) in paragraph at lines 316--325
 [][] 
 []

(GMCM_icml.bbl) [8 <./figures/EM_algo_comparisons.png>] [9

]

Package natbib Warning: There were undefined citations.

[10] (GMCM_icml.aux)

LaTeX Warning: There were undefined references.


LaTeX Warning: Label(s) may have changed. Rerun to get cross-references right.

Package rerunfilecheck Info: File `GMCM_icml.out' has not changed.
(rerunfilecheck)             Checksum: D41D8CD98F00B204E9800998ECF8427E;0.
 ) 
Here is how much of TeX's memory you used:
 13367 strings out of 478864
 197870 string characters out of 2848660
 581160 words of memory out of 3000000
 30668 multiletter control sequences out of 15000+600000
 446576 words of font info for 300 fonts, out of 8000000 for 9000
 1141 hyphenation exceptions out of 8191
 60i,16n,69p,1908b,438s stack positions out of 5000i,500n,10000p,200000b,80000s
pdfTeX warning (dest): name{subsection.B.2} has been referenced but does not 
exist, replaced by a fixed one

pdfTeX warning (dest): name{subsection.B.1} has been referenced but does not ex
ist, replaced by a fixed one

pdfTeX warning (dest): name{appendix.B} has been referenced but does not exist,
 replaced by a fixed one

{C:/Users/tewar/AppData/Local/Programs/MiKTeX/fonts/enc/dvips/base/8r.enc}<C:/U
sers/tewar/AppData/Local/Programs/MiKTeX/fonts/type1/public/amsfonts/cm/cmbx10.
pfb><C:/Users/tewar/AppData/Local/Programs/MiKTeX/fonts/type1/public/amsfonts/c
m/cmex10.pfb><C:/Users/tewar/AppData/Local/Programs/MiKTeX/fonts/type1/public/a
msfonts/cmextra/cmex9.pfb><C:/Users/tewar/AppData/Local/Programs/MiKTeX/fonts/t
ype1/public/amsfonts/cm/cmmi10.pfb><C:/Users/tewar/AppData/Local/Programs/MiKTe
X/fonts/type1/public/amsfonts/cm/cmmi5.pfb><C:/Users/tewar/AppData/Local/Progra
ms/MiKTeX/fonts/type1/public/amsfonts/cm/cmmi6.pfb><C:/Users/tewar/AppData/Loca
l/Programs/MiKTeX/fonts/type1/public/amsfonts/cm/cmmi7.pfb><C:/Users/tewar/AppD
ata/Local/Programs/MiKTeX/fonts/type1/public/amsfonts/cm/cmmi9.pfb><C:/Users/te
war/AppData/Local/Programs/MiKTeX/fonts/type1/public/amsfonts/cm/cmmib10.pfb><C
:/Users/tewar/AppData/Local/Programs/MiKTeX/fonts/type1/public/amsfonts/cmextra
/cmmib7.pfb><C:/Users/tewar/AppData/Local/Programs/MiKTeX/fonts/type1/public/am
sfonts/cmextra/cmmib9.pfb><C:/Users/tewar/AppData/Local/Programs/MiKTeX/fonts/t
ype1/public/amsfonts/cm/cmr10.pfb><C:/Users/tewar/AppData/Local/Programs/MiKTeX
/fonts/type1/public/amsfonts/cm/cmr5.pfb><C:/Users/tewar/AppData/Local/Programs
/MiKTeX/fonts/type1/public/amsfonts/cm/cmr6.pfb><C:/Users/tewar/AppData/Local/P
rograms/MiKTeX/fonts/type1/public/amsfonts/cm/cmr7.pfb><C:/Users/tewar/AppData/
Local/Programs/MiKTeX/fonts/type1/public/amsfonts/cm/cmr9.pfb><C:/Users/tewar/A
ppData/Local/Programs/MiKTeX/fonts/type1/public/amsfonts/cm/cmsy10.pfb><C:/User
s/tewar/AppData/Local/Programs/MiKTeX/fonts/type1/public/amsfonts/cm/cmsy6.pfb>
<C:/Users/tewar/AppData/Local/Programs/MiKTeX/fonts/type1/public/amsfonts/cm/cm
sy7.pfb><C:/Users/tewar/AppData/Local/Programs/MiKTeX/fonts/type1/public/amsfon
ts/cm/cmsy9.pfb><C:/Users/tewar/AppData/Local/Programs/MiKTeX/fonts/type1/publi
c/amsfonts/symbols/msbm10.pfb><C:/Users/tewar/AppData/Local/Programs/MiKTeX/fon
ts/type1/urw/times/utmb8a.pfb><C:/Users/tewar/AppData/Local/Programs/MiKTeX/fon
ts/type1/urw/times/utmr8a.pfb><C:/Users/tewar/AppData/Local/Programs/MiKTeX/fon
ts/type1/urw/times/utmr8a.pfb><C:/Users/tewar/AppData/Local/Programs/MiKTeX/fon
ts/type1/urw/times/utmri8a.pfb>
Output written on GMCM_icml.pdf (10 pages, 764616 bytes).
PDF statistics:
 270 PDF objects out of 1000 (max. 8388607)
 47 named destinations out of 1000 (max. 500000)
 58389 words of extra memory for PDF output out of 61914 (max. 10000000)

